<?xml version="1.0" encoding="UTF-8"?>
<testng-results ignored="0" total="1" passed="1" failed="0" skipped="0">
  <reporter-output>
    <line>
      <![CDATA[database connection]]>
    </line>
    <line>
      <![CDATA[open browser succesfully]]>
    </line>
    <line>
      <![CDATA[login succesfully]]>
    </line>
    <line>
      <![CDATA[pass]]>
    </line>
    <line>
      <![CDATA[logout succesfully]]>
    </line>
    <line>
      <![CDATA[browser is closed]]>
    </line>
    <line>
      <![CDATA[database disconnected]]>
    </line>
  </reporter-output>
  <suite started-at="2023-02-22T08:57:36 IST" name="Default suite" finished-at="2023-02-22T08:58:33 IST" duration-ms="56335">
    <groups>
    </groups>
    <test started-at="2023-02-22T08:57:36 IST" name="Default test" finished-at="2023-02-22T08:58:33 IST" duration-ms="56335">
      <class name="com.Actitime.Testscripts.CreateCustomer">
        <test-method is-config="true" signature="databaseconnection()[pri:0, instance:com.Actitime.Testscripts.CreateCustomer@1dde4cb2]" started-at="2023-02-22T08:57:36 IST" name="databaseconnection" finished-at="2023-02-22T08:57:36 IST" duration-ms="6" status="PASS">
          <reporter-output>
            <line>
              <![CDATA[database connection]]>
            </line>
          </reporter-output>
        </test-method> <!-- databaseconnection -->
        <test-method is-config="true" signature="openbrowser()[pri:0, instance:com.Actitime.Testscripts.CreateCustomer@1dde4cb2]" started-at="2023-02-22T08:57:36 IST" name="openbrowser" finished-at="2023-02-22T08:57:48 IST" duration-ms="12155" status="PASS">
          <reporter-output>
            <line>
              <![CDATA[open browser succesfully]]>
            </line>
          </reporter-output>
        </test-method> <!-- openbrowser -->
        <test-method is-config="true" signature="loginToActitime()[pri:0, instance:com.Actitime.Testscripts.CreateCustomer@1dde4cb2]" started-at="2023-02-22T08:57:48 IST" name="loginToActitime" finished-at="2023-02-22T08:57:49 IST" duration-ms="279" status="PASS">
          <reporter-output>
            <line>
              <![CDATA[login succesfully]]>
            </line>
          </reporter-output>
        </test-method> <!-- loginToActitime -->
        <test-method signature="CreateCustomer()[pri:0, instance:com.Actitime.Testscripts.CreateCustomer@1dde4cb2]" started-at="2023-02-22T08:57:49 IST" name="CreateCustomer" finished-at="2023-02-22T08:58:09 IST" duration-ms="20532" status="PASS">
          <reporter-output>
            <line>
              <![CDATA[pass]]>
            </line>
          </reporter-output>
        </test-method> <!-- CreateCustomer -->
        <test-method is-config="true" signature="logoutFromActitime()[pri:0, instance:com.Actitime.Testscripts.CreateCustomer@1dde4cb2]" started-at="2023-02-22T08:58:09 IST" name="logoutFromActitime" finished-at="2023-02-22T08:58:16 IST" duration-ms="7029" status="PASS">
          <reporter-output>
            <line>
              <![CDATA[logout succesfully]]>
            </line>
          </reporter-output>
        </test-method> <!-- logoutFromActitime -->
        <test-method is-config="true" signature="closebrowser()[pri:0, instance:com.Actitime.Testscripts.CreateCustomer@1dde4cb2]" started-at="2023-02-22T08:58:16 IST" name="closebrowser" finished-at="2023-02-22T08:58:33 IST" duration-ms="16288" status="PASS">
          <reporter-output>
            <line>
              <![CDATA[browser is closed]]>
            </line>
          </reporter-output>
        </test-method> <!-- closebrowser -->
        <test-method is-config="true" signature="databasedisconnected()[pri:0, instance:com.Actitime.Testscripts.CreateCustomer@1dde4cb2]" started-at="2023-02-22T08:58:33 IST" name="databasedisconnected" finished-at="2023-02-22T08:58:33 IST" duration-ms="1" status="PASS">
          <reporter-output>
            <line>
              <![CDATA[database disconnected]]>
            </line>
          </reporter-output>
        </test-method> <!-- databasedisconnected -->
      </class> <!-- com.Actitime.Testscripts.CreateCustomer -->
    </test> <!-- Default test -->
  </suite> <!-- Default suite -->
</testng-results>
